<?xml version="1.0" encoding="UTF-8"?>
<!-- Generated by org.testng.reporters.JUnitReportReporter -->
<testsuite hostname="DESKTOP-92HCJEP" failures="0" tests="1" name="testCases.TC_01_EntranceExam" time="6.838" errors="0" timestamp="2024-10-05T12:14:14 IST" skipped="0">
  <testcase classname="testCases.TC_01_EntranceExam" name="verify_Login" time="6.838"/>
</testsuite> <!-- testCases.TC_01_EntranceExam -->
