<?xml version="1.0" encoding="UTF-8"?>
<!-- Generated by org.testng.reporters.JUnitReportReporter -->
<testsuite hostname="DESKTOP-92HCJEP" failures="0" tests="1" name="testCases.TC_01_LoginTest" time="44.338" errors="0" timestamp="2024-10-08T14:48:04 IST" skipped="0">
  <testcase classname="testCases.TC_01_LoginTest" name="verify_Login" time="44.338"/>
</testsuite> <!-- testCases.TC_01_LoginTest -->
